[2012-06-08 19:14:25] event.DEBUG: Notified event "kernel.request" to listener "Symfony\Bundle\FrameworkBundle\EventListener\RouterListener::onEarlyKernelRequest". [] []
[2012-06-08 19:14:25] event.DEBUG: Notified event "kernel.request" to listener "Symfony\Bundle\FrameworkBundle\EventListener\SessionListener::onKernelRequest". [] []
[2012-06-08 19:14:25] event.DEBUG: Notified event "kernel.request" to listener "Symfony\Component\Security\Http\Firewall::onKernelRequest". [] []
[2012-06-08 19:14:25] event.DEBUG: Notified event "kernel.request" to listener "Symfony\Bundle\FrameworkBundle\EventListener\RouterListener::onKernelRequest". [] []
[2012-06-08 19:14:25] request.INFO: Matched route "_topic_name" (parameters: "id": "3", "_controller": "Site\Bundle\Controller\TopicsController::postsAction", "_route": "_topic_name") [] []
[2012-06-08 19:14:25] event.DEBUG: Notified event "kernel.controller" to listener "Sensio\Bundle\FrameworkExtraBundle\EventListener\ControllerListener::onKernelController". [] []
[2012-06-08 19:14:25] event.DEBUG: Notified event "kernel.controller" to listener "Sensio\Bundle\FrameworkExtraBundle\EventListener\ParamConverterListener::onKernelController". [] []
[2012-06-08 19:14:25] event.DEBUG: Notified event "kernel.controller" to listener "Sensio\Bundle\FrameworkExtraBundle\EventListener\TemplateListener::onKernelController". [] []
[2012-06-08 19:14:25] event.DEBUG: Notified event "kernel.controller" to listener "JMS\SecurityExtraBundle\Controller\ControllerListener::onCoreController". [] []
[2012-06-08 19:14:25] doctrine.DEBUG: SET NAMES UTF8 ([]) [] []
[2012-06-08 19:14:25] doctrine.DEBUG: SELECT t0.`topic_id` AS topic_id1, t0.`topic_subject` AS topic_subject2, t0.`topic_date` AS topic_date3, t0.`topic_cat` AS topic_cat4, t0.`topic_by` AS topic_by5 FROM topics t0 WHERE t0.`topic_id` = ? (["3"]) [] []
[2012-06-08 19:14:25] event.DEBUG: Notified event "kernel.view" to listener "Sensio\Bundle\FrameworkExtraBundle\EventListener\TemplateListener::onKernelView". [] []
[2012-06-08 19:14:25] doctrine.DEBUG: SELECT t0.`post_id` AS post_id1, t0.`post_content` AS post_content2, t0.`post_date` AS post_date3, t0.post_topic AS post_topic4, t0.post_by AS post_by5 FROM posts t0 WHERE t0.post_topic = ? ([3]) [] []
[2012-06-08 19:14:25] event.DEBUG: Notified event "kernel.exception" to listener "Symfony\Component\HttpKernel\EventListener\ExceptionListener::onKernelException". [] []
[2012-06-08 19:14:25] request.CRITICAL: Twig_Error_Runtime: An exception has been thrown during the rendering of a template ("Catchable Fatal Error: Object of class Proxies\SiteBundleEntityUserProxy could not be converted to string in C:\xampp\htdocs\web\app\cache\prod\twig\49\d7\42ddea2261a837e3134671a4346a.php line 54") in "CoreBundle::layout.html.twig" at line 29. (uncaught exception) at C:\xampp\htdocs\web\vendor\twig\lib\Twig\Template.php line 269 [] []
[2012-06-08 19:14:25] event.DEBUG: Notified event "kernel.request" to listener "Symfony\Bundle\FrameworkBundle\EventListener\RouterListener::onEarlyKernelRequest". [] []
[2012-06-08 19:14:25] event.DEBUG: Notified event "kernel.request" to listener "Symfony\Bundle\FrameworkBundle\EventListener\SessionListener::onKernelRequest". [] []
[2012-06-08 19:14:25] event.DEBUG: Notified event "kernel.request" to listener "Symfony\Component\Security\Http\Firewall::onKernelRequest". [] []
[2012-06-08 19:14:25] event.DEBUG: Notified event "kernel.request" to listener "Symfony\Bundle\FrameworkBundle\EventListener\RouterListener::onKernelRequest". [] []
[2012-06-08 19:14:25] event.DEBUG: Notified event "kernel.controller" to listener "Sensio\Bundle\FrameworkExtraBundle\EventListener\ControllerListener::onKernelController". [] []
[2012-06-08 19:14:25] event.DEBUG: Notified event "kernel.controller" to listener "Sensio\Bundle\FrameworkExtraBundle\EventListener\ParamConverterListener::onKernelController". [] []
[2012-06-08 19:14:25] event.DEBUG: Notified event "kernel.controller" to listener "Sensio\Bundle\FrameworkExtraBundle\EventListener\TemplateListener::onKernelController". [] []
[2012-06-08 19:14:25] event.DEBUG: Notified event "kernel.controller" to listener "JMS\SecurityExtraBundle\Controller\ControllerListener::onCoreController". [] []
[2012-06-08 19:14:25] event.DEBUG: Notified event "kernel.response" to listener "Symfony\Component\HttpKernel\EventListener\ResponseListener::onKernelResponse". [] []
[2012-06-08 19:14:25] event.DEBUG: Notified event "kernel.response" to listener "Symfony\Bundle\SecurityBundle\EventListener\ResponseListener::onKernelResponse". [] []
[2012-06-08 19:14:25] event.DEBUG: Notified event "kernel.response" to listener "Sensio\Bundle\FrameworkExtraBundle\EventListener\CacheListener::onKernelResponse". [] []
[2012-06-08 19:14:25] event.DEBUG: Listener "Symfony\Component\HttpKernel\EventListener\ExceptionListener::onKernelException" stopped propagation of the event "kernel.exception". [] []
[2012-06-08 19:14:25] event.DEBUG: Notified event "kernel.response" to listener "Symfony\Component\HttpKernel\EventListener\ResponseListener::onKernelResponse". [] []
[2012-06-08 19:14:25] event.DEBUG: Notified event "kernel.response" to listener "Symfony\Bundle\SecurityBundle\EventListener\ResponseListener::onKernelResponse". [] []
[2012-06-08 19:14:25] event.DEBUG: Notified event "kernel.response" to listener "Sensio\Bundle\FrameworkExtraBundle\EventListener\CacheListener::onKernelResponse". [] []
[2012-06-08 19:15:56] event.DEBUG: Notified event "kernel.request" to listener "Symfony\Bundle\FrameworkBundle\EventListener\RouterListener::onEarlyKernelRequest". [] []
[2012-06-08 19:15:56] event.DEBUG: Notified event "kernel.request" to listener "Symfony\Bundle\FrameworkBundle\EventListener\SessionListener::onKernelRequest". [] []
[2012-06-08 19:15:56] event.DEBUG: Notified event "kernel.request" to listener "Symfony\Component\Security\Http\Firewall::onKernelRequest". [] []
[2012-06-08 19:15:56] event.DEBUG: Notified event "kernel.request" to listener "Symfony\Bundle\FrameworkBundle\EventListener\RouterListener::onKernelRequest". [] []
[2012-06-08 19:15:56] request.INFO: Matched route "_topic_name" (parameters: "id": "3", "_controller": "Site\Bundle\Controller\TopicsController::postsAction", "_route": "_topic_name") [] []
[2012-06-08 19:15:56] event.DEBUG: Notified event "kernel.controller" to listener "Sensio\Bundle\FrameworkExtraBundle\EventListener\ControllerListener::onKernelController". [] []
[2012-06-08 19:15:56] event.DEBUG: Notified event "kernel.controller" to listener "Sensio\Bundle\FrameworkExtraBundle\EventListener\ParamConverterListener::onKernelController". [] []
[2012-06-08 19:15:56] event.DEBUG: Notified event "kernel.controller" to listener "Sensio\Bundle\FrameworkExtraBundle\EventListener\TemplateListener::onKernelController". [] []
[2012-06-08 19:15:56] event.DEBUG: Notified event "kernel.controller" to listener "JMS\SecurityExtraBundle\Controller\ControllerListener::onCoreController". [] []
[2012-06-08 19:15:56] doctrine.DEBUG: SET NAMES UTF8 ([]) [] []
[2012-06-08 19:15:56] doctrine.DEBUG: SELECT t0.`topic_id` AS topic_id1, t0.`topic_subject` AS topic_subject2, t0.`topic_date` AS topic_date3, t0.`topic_cat` AS topic_cat4, t0.`topic_by` AS topic_by5 FROM topics t0 WHERE t0.`topic_id` = ? (["3"]) [] []
[2012-06-08 19:15:56] event.DEBUG: Notified event "kernel.view" to listener "Sensio\Bundle\FrameworkExtraBundle\EventListener\TemplateListener::onKernelView". [] []
[2012-06-08 19:15:56] doctrine.DEBUG: SELECT t0.`post_id` AS post_id1, t0.`post_content` AS post_content2, t0.`post_date` AS post_date3, t0.post_topic AS post_topic4, t0.post_by AS post_by5 FROM posts t0 WHERE t0.post_topic = ? ([3]) [] []
[2012-06-08 19:15:56] event.DEBUG: Notified event "kernel.exception" to listener "Symfony\Component\HttpKernel\EventListener\ExceptionListener::onKernelException". [] []
[2012-06-08 19:15:56] request.CRITICAL: Twig_Error_Runtime: An exception has been thrown during the rendering of a template ("Catchable Fatal Error: Object of class Proxies\SiteBundleEntityUserProxy could not be converted to string in C:\xampp\htdocs\web\app\cache\prod\twig\49\d7\42ddea2261a837e3134671a4346a.php line 54") in "CoreBundle::layout.html.twig" at line 29. (uncaught exception) at C:\xampp\htdocs\web\vendor\twig\lib\Twig\Template.php line 269 [] []
[2012-06-08 19:15:56] event.DEBUG: Notified event "kernel.request" to listener "Symfony\Bundle\FrameworkBundle\EventListener\RouterListener::onEarlyKernelRequest". [] []
[2012-06-08 19:15:56] event.DEBUG: Notified event "kernel.request" to listener "Symfony\Bundle\FrameworkBundle\EventListener\SessionListener::onKernelRequest". [] []
[2012-06-08 19:15:56] event.DEBUG: Notified event "kernel.request" to listener "Symfony\Component\Security\Http\Firewall::onKernelRequest". [] []
[2012-06-08 19:15:56] event.DEBUG: Notified event "kernel.request" to listener "Symfony\Bundle\FrameworkBundle\EventListener\RouterListener::onKernelRequest". [] []
[2012-06-08 19:15:56] event.DEBUG: Notified event "kernel.controller" to listener "Sensio\Bundle\FrameworkExtraBundle\EventListener\ControllerListener::onKernelController". [] []
[2012-06-08 19:15:56] event.DEBUG: Notified event "kernel.controller" to listener "Sensio\Bundle\FrameworkExtraBundle\EventListener\ParamConverterListener::onKernelController". [] []
[2012-06-08 19:15:56] event.DEBUG: Notified event "kernel.controller" to listener "Sensio\Bundle\FrameworkExtraBundle\EventListener\TemplateListener::onKernelController". [] []
[2012-06-08 19:15:56] event.DEBUG: Notified event "kernel.controller" to listener "JMS\SecurityExtraBundle\Controller\ControllerListener::onCoreController". [] []
[2012-06-08 19:15:56] event.DEBUG: Notified event "kernel.response" to listener "Symfony\Component\HttpKernel\EventListener\ResponseListener::onKernelResponse". [] []
[2012-06-08 19:15:56] event.DEBUG: Notified event "kernel.response" to listener "Symfony\Bundle\SecurityBundle\EventListener\ResponseListener::onKernelResponse". [] []
[2012-06-08 19:15:56] event.DEBUG: Notified event "kernel.response" to listener "Sensio\Bundle\FrameworkExtraBundle\EventListener\CacheListener::onKernelResponse". [] []
[2012-06-08 19:15:56] event.DEBUG: Listener "Symfony\Component\HttpKernel\EventListener\ExceptionListener::onKernelException" stopped propagation of the event "kernel.exception". [] []
[2012-06-08 19:15:56] event.DEBUG: Notified event "kernel.response" to listener "Symfony\Component\HttpKernel\EventListener\ResponseListener::onKernelResponse". [] []
[2012-06-08 19:15:56] event.DEBUG: Notified event "kernel.response" to listener "Symfony\Bundle\SecurityBundle\EventListener\ResponseListener::onKernelResponse". [] []
[2012-06-08 19:15:56] event.DEBUG: Notified event "kernel.response" to listener "Sensio\Bundle\FrameworkExtraBundle\EventListener\CacheListener::onKernelResponse". [] []
[2012-06-08 19:16:27] event.DEBUG: Notified event "kernel.request" to listener "Symfony\Bundle\FrameworkBundle\EventListener\RouterListener::onEarlyKernelRequest". [] []
[2012-06-08 19:16:27] event.DEBUG: Notified event "kernel.request" to listener "Symfony\Bundle\FrameworkBundle\EventListener\SessionListener::onKernelRequest". [] []
[2012-06-08 19:16:27] event.DEBUG: Notified event "kernel.request" to listener "Symfony\Component\Security\Http\Firewall::onKernelRequest". [] []
[2012-06-08 19:16:27] event.DEBUG: Notified event "kernel.request" to listener "Symfony\Bundle\FrameworkBundle\EventListener\RouterListener::onKernelRequest". [] []
[2012-06-08 19:16:27] request.INFO: Matched route "_topic_name" (parameters: "id": "3", "_controller": "Site\Bundle\Controller\TopicsController::postsAction", "_route": "_topic_name") [] []
[2012-06-08 19:16:27] event.DEBUG: Notified event "kernel.controller" to listener "Sensio\Bundle\FrameworkExtraBundle\EventListener\ControllerListener::onKernelController". [] []
[2012-06-08 19:16:27] event.DEBUG: Notified event "kernel.controller" to listener "Sensio\Bundle\FrameworkExtraBundle\EventListener\ParamConverterListener::onKernelController". [] []
[2012-06-08 19:16:27] event.DEBUG: Notified event "kernel.controller" to listener "Sensio\Bundle\FrameworkExtraBundle\EventListener\TemplateListener::onKernelController". [] []
[2012-06-08 19:16:27] event.DEBUG: Notified event "kernel.controller" to listener "JMS\SecurityExtraBundle\Controller\ControllerListener::onCoreController". [] []
[2012-06-08 19:16:27] doctrine.DEBUG: SET NAMES UTF8 ([]) [] []
[2012-06-08 19:16:27] doctrine.DEBUG: SELECT t0.`topic_id` AS topic_id1, t0.`topic_subject` AS topic_subject2, t0.`topic_date` AS topic_date3, t0.`topic_cat` AS topic_cat4, t0.`topic_by` AS topic_by5 FROM topics t0 WHERE t0.`topic_id` = ? (["3"]) [] []
[2012-06-08 19:16:27] event.DEBUG: Notified event "kernel.view" to listener "Sensio\Bundle\FrameworkExtraBundle\EventListener\TemplateListener::onKernelView". [] []
[2012-06-08 19:16:27] doctrine.DEBUG: SELECT t0.`post_id` AS post_id1, t0.`post_content` AS post_content2, t0.`post_date` AS post_date3, t0.post_topic AS post_topic4, t0.post_by AS post_by5 FROM posts t0 WHERE t0.post_topic = ? ([3]) [] []
[2012-06-08 19:16:27] event.DEBUG: Notified event "kernel.exception" to listener "Symfony\Component\HttpKernel\EventListener\ExceptionListener::onKernelException". [] []
[2012-06-08 19:16:27] request.CRITICAL: Twig_Error_Runtime: An exception has been thrown during the rendering of a template ("Catchable Fatal Error: Object of class Proxies\SiteBundleEntityUserProxy could not be converted to string in C:\xampp\htdocs\web\app\cache\prod\twig\49\d7\42ddea2261a837e3134671a4346a.php line 54") in "CoreBundle::layout.html.twig" at line 29. (uncaught exception) at C:\xampp\htdocs\web\app\cache\prod\classes.php line 8295 [] []
[2012-06-08 19:16:27] event.DEBUG: Notified event "kernel.request" to listener "Symfony\Bundle\FrameworkBundle\EventListener\RouterListener::onEarlyKernelRequest". [] []
[2012-06-08 19:16:27] event.DEBUG: Notified event "kernel.request" to listener "Symfony\Bundle\FrameworkBundle\EventListener\SessionListener::onKernelRequest". [] []
[2012-06-08 19:16:27] event.DEBUG: Notified event "kernel.request" to listener "Symfony\Component\Security\Http\Firewall::onKernelRequest". [] []
[2012-06-08 19:16:27] event.DEBUG: Notified event "kernel.request" to listener "Symfony\Bundle\FrameworkBundle\EventListener\RouterListener::onKernelRequest". [] []
[2012-06-08 19:16:27] event.DEBUG: Notified event "kernel.controller" to listener "Sensio\Bundle\FrameworkExtraBundle\EventListener\ControllerListener::onKernelController". [] []
[2012-06-08 19:16:27] event.DEBUG: Notified event "kernel.controller" to listener "Sensio\Bundle\FrameworkExtraBundle\EventListener\ParamConverterListener::onKernelController". [] []
[2012-06-08 19:16:27] event.DEBUG: Notified event "kernel.controller" to listener "Sensio\Bundle\FrameworkExtraBundle\EventListener\TemplateListener::onKernelController". [] []
[2012-06-08 19:16:27] event.DEBUG: Notified event "kernel.controller" to listener "JMS\SecurityExtraBundle\Controller\ControllerListener::onCoreController". [] []
[2012-06-08 19:16:28] event.DEBUG: Notified event "kernel.response" to listener "Symfony\Component\HttpKernel\EventListener\ResponseListener::onKernelResponse". [] []
[2012-06-08 19:16:28] event.DEBUG: Notified event "kernel.response" to listener "Symfony\Bundle\SecurityBundle\EventListener\ResponseListener::onKernelResponse". [] []
[2012-06-08 19:16:28] event.DEBUG: Notified event "kernel.response" to listener "Sensio\Bundle\FrameworkExtraBundle\EventListener\CacheListener::onKernelResponse". [] []
[2012-06-08 19:16:28] event.DEBUG: Listener "Symfony\Component\HttpKernel\EventListener\ExceptionListener::onKernelException" stopped propagation of the event "kernel.exception". [] []
[2012-06-08 19:16:28] event.DEBUG: Notified event "kernel.response" to listener "Symfony\Component\HttpKernel\EventListener\ResponseListener::onKernelResponse". [] []
[2012-06-08 19:16:28] event.DEBUG: Notified event "kernel.response" to listener "Symfony\Bundle\SecurityBundle\EventListener\ResponseListener::onKernelResponse". [] []
[2012-06-08 19:16:28] event.DEBUG: Notified event "kernel.response" to listener "Sensio\Bundle\FrameworkExtraBundle\EventListener\CacheListener::onKernelResponse". [] []
[2012-06-08 19:22:10] event.DEBUG: Notified event "kernel.request" to listener "Symfony\Bundle\FrameworkBundle\EventListener\RouterListener::onEarlyKernelRequest". [] []
[2012-06-08 19:22:10] event.DEBUG: Notified event "kernel.request" to listener "Symfony\Bundle\FrameworkBundle\EventListener\SessionListener::onKernelRequest". [] []
[2012-06-08 19:22:10] event.DEBUG: Notified event "kernel.request" to listener "Symfony\Component\Security\Http\Firewall::onKernelRequest". [] []
[2012-06-08 19:22:10] event.DEBUG: Notified event "kernel.request" to listener "Symfony\Bundle\FrameworkBundle\EventListener\RouterListener::onKernelRequest". [] []
[2012-06-08 19:22:10] request.INFO: Matched route "_topic_name" (parameters: "id": "3", "_controller": "Site\Bundle\Controller\TopicsController::topicAction", "_route": "_topic_name") [] []
[2012-06-08 19:22:10] event.DEBUG: Notified event "kernel.controller" to listener "Sensio\Bundle\FrameworkExtraBundle\EventListener\ControllerListener::onKernelController". [] []
[2012-06-08 19:22:10] event.DEBUG: Notified event "kernel.controller" to listener "Sensio\Bundle\FrameworkExtraBundle\EventListener\ParamConverterListener::onKernelController". [] []
[2012-06-08 19:22:10] event.DEBUG: Notified event "kernel.controller" to listener "Sensio\Bundle\FrameworkExtraBundle\EventListener\TemplateListener::onKernelController". [] []
[2012-06-08 19:22:10] event.DEBUG: Notified event "kernel.controller" to listener "JMS\SecurityExtraBundle\Controller\ControllerListener::onCoreController". [] []
[2012-06-08 19:22:10] doctrine.DEBUG: SET NAMES UTF8 ([]) [] []
[2012-06-08 19:22:10] doctrine.DEBUG: SELECT t0.`topic_id` AS topic_id1, t0.`topic_subject` AS topic_subject2, t0.`topic_date` AS topic_date3, t0.`topic_cat` AS topic_cat4, t0.`topic_by` AS topic_by5 FROM topics t0 WHERE t0.`topic_id` = ? (["3"]) [] []
[2012-06-08 19:22:10] event.DEBUG: Notified event "kernel.view" to listener "Sensio\Bundle\FrameworkExtraBundle\EventListener\TemplateListener::onKernelView". [] []
[2012-06-08 19:22:10] doctrine.DEBUG: SELECT t0.`post_id` AS post_id1, t0.`post_content` AS post_content2, t0.`post_date` AS post_date3, t0.post_topic AS post_topic4, t0.post_by AS post_by5 FROM posts t0 WHERE t0.post_topic = ? ([3]) [] []
[2012-06-08 19:22:10] event.DEBUG: Notified event "kernel.exception" to listener "Symfony\Component\HttpKernel\EventListener\ExceptionListener::onKernelException". [] []
[2012-06-08 19:22:10] request.CRITICAL: Twig_Error_Runtime: An exception has been thrown during the rendering of a template ("Catchable Fatal Error: Object of class Proxies\SiteBundleEntityUserProxy could not be converted to string in C:\xampp\htdocs\web\app\cache\prod\twig\ac\ce\731d87f1ba3a740be602c19554ee.php line 54") in "CoreBundle::layout.html.twig" at line 29. (uncaught exception) at C:\xampp\htdocs\web\app\cache\prod\classes.php line 8295 [] []
[2012-06-08 19:22:10] event.DEBUG: Notified event "kernel.request" to listener "Symfony\Bundle\FrameworkBundle\EventListener\RouterListener::onEarlyKernelRequest". [] []
[2012-06-08 19:22:10] event.DEBUG: Notified event "kernel.request" to listener "Symfony\Bundle\FrameworkBundle\EventListener\SessionListener::onKernelRequest". [] []
[2012-06-08 19:22:10] event.DEBUG: Notified event "kernel.request" to listener "Symfony\Component\Security\Http\Firewall::onKernelRequest". [] []
[2012-06-08 19:22:10] event.DEBUG: Notified event "kernel.request" to listener "Symfony\Bundle\FrameworkBundle\EventListener\RouterListener::onKernelRequest". [] []
[2012-06-08 19:22:10] event.DEBUG: Notified event "kernel.controller" to listener "Sensio\Bundle\FrameworkExtraBundle\EventListener\ControllerListener::onKernelController". [] []
[2012-06-08 19:22:10] event.DEBUG: Notified event "kernel.controller" to listener "Sensio\Bundle\FrameworkExtraBundle\EventListener\ParamConverterListener::onKernelController". [] []
[2012-06-08 19:22:10] event.DEBUG: Notified event "kernel.controller" to listener "Sensio\Bundle\FrameworkExtraBundle\EventListener\TemplateListener::onKernelController". [] []
[2012-06-08 19:22:10] event.DEBUG: Notified event "kernel.controller" to listener "JMS\SecurityExtraBundle\Controller\ControllerListener::onCoreController". [] []
[2012-06-08 19:22:11] event.DEBUG: Notified event "kernel.response" to listener "Symfony\Component\HttpKernel\EventListener\ResponseListener::onKernelResponse". [] []
[2012-06-08 19:22:11] event.DEBUG: Notified event "kernel.response" to listener "Symfony\Bundle\SecurityBundle\EventListener\ResponseListener::onKernelResponse". [] []
[2012-06-08 19:22:11] event.DEBUG: Notified event "kernel.response" to listener "Sensio\Bundle\FrameworkExtraBundle\EventListener\CacheListener::onKernelResponse". [] []
[2012-06-08 19:22:11] event.DEBUG: Listener "Symfony\Component\HttpKernel\EventListener\ExceptionListener::onKernelException" stopped propagation of the event "kernel.exception". [] []
[2012-06-08 19:22:11] event.DEBUG: Notified event "kernel.response" to listener "Symfony\Component\HttpKernel\EventListener\ResponseListener::onKernelResponse". [] []
[2012-06-08 19:22:11] event.DEBUG: Notified event "kernel.response" to listener "Symfony\Bundle\SecurityBundle\EventListener\ResponseListener::onKernelResponse". [] []
[2012-06-08 19:22:11] event.DEBUG: Notified event "kernel.response" to listener "Sensio\Bundle\FrameworkExtraBundle\EventListener\CacheListener::onKernelResponse". [] []
[2012-06-08 19:29:07] event.DEBUG: Notified event "kernel.request" to listener "Symfony\Bundle\FrameworkBundle\EventListener\RouterListener::onEarlyKernelRequest". [] []
[2012-06-08 19:29:07] event.DEBUG: Notified event "kernel.request" to listener "Symfony\Bundle\FrameworkBundle\EventListener\SessionListener::onKernelRequest". [] []
[2012-06-08 19:29:07] event.DEBUG: Notified event "kernel.request" to listener "Symfony\Component\Security\Http\Firewall::onKernelRequest". [] []
[2012-06-08 19:29:07] event.DEBUG: Notified event "kernel.request" to listener "Symfony\Bundle\FrameworkBundle\EventListener\RouterListener::onKernelRequest". [] []
[2012-06-08 19:29:07] request.INFO: Matched route "_topic_name" (parameters: "id": "3", "_controller": "Site\Bundle\Controller\TopicsController::topicAction", "_route": "_topic_name") [] []
[2012-06-08 19:29:07] event.DEBUG: Notified event "kernel.controller" to listener "Sensio\Bundle\FrameworkExtraBundle\EventListener\ControllerListener::onKernelController". [] []
[2012-06-08 19:29:07] event.DEBUG: Notified event "kernel.controller" to listener "Sensio\Bundle\FrameworkExtraBundle\EventListener\ParamConverterListener::onKernelController". [] []
[2012-06-08 19:29:07] event.DEBUG: Notified event "kernel.controller" to listener "Sensio\Bundle\FrameworkExtraBundle\EventListener\TemplateListener::onKernelController". [] []
[2012-06-08 19:29:07] event.DEBUG: Notified event "kernel.controller" to listener "JMS\SecurityExtraBundle\Controller\ControllerListener::onCoreController". [] []
[2012-06-08 19:29:07] doctrine.DEBUG: SET NAMES UTF8 ([]) [] []
[2012-06-08 19:29:07] doctrine.DEBUG: SELECT t0.`topic_id` AS topic_id1, t0.`topic_subject` AS topic_subject2, t0.`topic_date` AS topic_date3, t0.`topic_cat` AS topic_cat4, t0.`topic_by` AS topic_by5 FROM topics t0 WHERE t0.`topic_id` = ? (["3"]) [] []
[2012-06-08 19:29:07] event.DEBUG: Notified event "kernel.view" to listener "Sensio\Bundle\FrameworkExtraBundle\EventListener\TemplateListener::onKernelView". [] []
[2012-06-08 19:29:07] doctrine.DEBUG: SELECT t0.`post_id` AS post_id1, t0.`post_content` AS post_content2, t0.`post_date` AS post_date3, t0.post_topic AS post_topic4, t0.post_by AS post_by5 FROM posts t0 WHERE t0.post_topic = ? ([3]) [] []
[2012-06-08 19:29:07] event.DEBUG: Notified event "kernel.exception" to listener "Symfony\Component\HttpKernel\EventListener\ExceptionListener::onKernelException". [] []
[2012-06-08 19:29:07] request.CRITICAL: Twig_Error_Runtime: An exception has been thrown during the rendering of a template ("Catchable Fatal Error: Object of class Proxies\SiteBundleEntityUserProxy could not be converted to string in C:\xampp\htdocs\web\app\cache\prod\twig\ac\ce\731d87f1ba3a740be602c19554ee.php line 54") in "CoreBundle::layout.html.twig" at line 29. (uncaught exception) at C:\xampp\htdocs\web\app\cache\prod\classes.php line 8295 [] []
[2012-06-08 19:29:07] event.DEBUG: Notified event "kernel.request" to listener "Symfony\Bundle\FrameworkBundle\EventListener\RouterListener::onEarlyKernelRequest". [] []
[2012-06-08 19:29:07] event.DEBUG: Notified event "kernel.request" to listener "Symfony\Bundle\FrameworkBundle\EventListener\SessionListener::onKernelRequest". [] []
[2012-06-08 19:29:07] event.DEBUG: Notified event "kernel.request" to listener "Symfony\Component\Security\Http\Firewall::onKernelRequest". [] []
[2012-06-08 19:29:07] event.DEBUG: Notified event "kernel.request" to listener "Symfony\Bundle\FrameworkBundle\EventListener\RouterListener::onKernelRequest". [] []
[2012-06-08 19:29:07] event.DEBUG: Notified event "kernel.controller" to listener "Sensio\Bundle\FrameworkExtraBundle\EventListener\ControllerListener::onKernelController". [] []
[2012-06-08 19:29:07] event.DEBUG: Notified event "kernel.controller" to listener "Sensio\Bundle\FrameworkExtraBundle\EventListener\ParamConverterListener::onKernelController". [] []
[2012-06-08 19:29:07] event.DEBUG: Notified event "kernel.controller" to listener "Sensio\Bundle\FrameworkExtraBundle\EventListener\TemplateListener::onKernelController". [] []
[2012-06-08 19:29:07] event.DEBUG: Notified event "kernel.controller" to listener "JMS\SecurityExtraBundle\Controller\ControllerListener::onCoreController". [] []
[2012-06-08 19:29:08] event.DEBUG: Notified event "kernel.response" to listener "Symfony\Component\HttpKernel\EventListener\ResponseListener::onKernelResponse". [] []
[2012-06-08 19:29:08] event.DEBUG: Notified event "kernel.response" to listener "Symfony\Bundle\SecurityBundle\EventListener\ResponseListener::onKernelResponse". [] []
[2012-06-08 19:29:08] event.DEBUG: Notified event "kernel.response" to listener "Sensio\Bundle\FrameworkExtraBundle\EventListener\CacheListener::onKernelResponse". [] []
[2012-06-08 19:29:08] event.DEBUG: Listener "Symfony\Component\HttpKernel\EventListener\ExceptionListener::onKernelException" stopped propagation of the event "kernel.exception". [] []
[2012-06-08 19:29:08] event.DEBUG: Notified event "kernel.response" to listener "Symfony\Component\HttpKernel\EventListener\ResponseListener::onKernelResponse". [] []
[2012-06-08 19:29:08] event.DEBUG: Notified event "kernel.response" to listener "Symfony\Bundle\SecurityBundle\EventListener\ResponseListener::onKernelResponse". [] []
[2012-06-08 19:29:08] event.DEBUG: Notified event "kernel.response" to listener "Sensio\Bundle\FrameworkExtraBundle\EventListener\CacheListener::onKernelResponse". [] []
[2012-06-08 19:29:14] event.DEBUG: Notified event "kernel.request" to listener "Symfony\Bundle\FrameworkBundle\EventListener\RouterListener::onEarlyKernelRequest". [] []
[2012-06-08 19:29:14] event.DEBUG: Notified event "kernel.request" to listener "Symfony\Bundle\FrameworkBundle\EventListener\SessionListener::onKernelRequest". [] []
[2012-06-08 19:29:14] event.DEBUG: Notified event "kernel.request" to listener "Symfony\Component\Security\Http\Firewall::onKernelRequest". [] []
[2012-06-08 19:29:14] event.DEBUG: Notified event "kernel.request" to listener "Symfony\Bundle\FrameworkBundle\EventListener\RouterListener::onKernelRequest". [] []
[2012-06-08 19:29:14] request.INFO: Matched route "_topic_name" (parameters: "id": "3", "_controller": "Site\Bundle\Controller\TopicsController::topicAction", "_route": "_topic_name") [] []
[2012-06-08 19:29:14] event.DEBUG: Notified event "kernel.controller" to listener "Sensio\Bundle\FrameworkExtraBundle\EventListener\ControllerListener::onKernelController". [] []
[2012-06-08 19:29:14] event.DEBUG: Notified event "kernel.controller" to listener "Sensio\Bundle\FrameworkExtraBundle\EventListener\ParamConverterListener::onKernelController". [] []
[2012-06-08 19:29:14] event.DEBUG: Notified event "kernel.controller" to listener "Sensio\Bundle\FrameworkExtraBundle\EventListener\TemplateListener::onKernelController". [] []
[2012-06-08 19:29:14] event.DEBUG: Notified event "kernel.controller" to listener "JMS\SecurityExtraBundle\Controller\ControllerListener::onCoreController". [] []
[2012-06-08 19:29:14] doctrine.DEBUG: SET NAMES UTF8 ([]) [] []
[2012-06-08 19:29:14] doctrine.DEBUG: SELECT t0.`topic_id` AS topic_id1, t0.`topic_subject` AS topic_subject2, t0.`topic_date` AS topic_date3, t0.`topic_cat` AS topic_cat4, t0.`topic_by` AS topic_by5 FROM topics t0 WHERE t0.`topic_id` = ? (["3"]) [] []
[2012-06-08 19:29:14] event.DEBUG: Notified event "kernel.view" to listener "Sensio\Bundle\FrameworkExtraBundle\EventListener\TemplateListener::onKernelView". [] []
[2012-06-08 19:29:14] doctrine.DEBUG: SELECT t0.`post_id` AS post_id1, t0.`post_content` AS post_content2, t0.`post_date` AS post_date3, t0.post_topic AS post_topic4, t0.post_by AS post_by5 FROM posts t0 WHERE t0.post_topic = ? ([3]) [] []
[2012-06-08 19:29:14] event.DEBUG: Notified event "kernel.exception" to listener "Symfony\Component\HttpKernel\EventListener\ExceptionListener::onKernelException". [] []
[2012-06-08 19:29:14] request.CRITICAL: Twig_Error_Runtime: An exception has been thrown during the rendering of a template ("Catchable Fatal Error: Object of class Proxies\SiteBundleEntityUserProxy could not be converted to string in C:\xampp\htdocs\web\app\cache\prod\twig\ac\ce\731d87f1ba3a740be602c19554ee.php line 54") in "CoreBundle::layout.html.twig" at line 29. (uncaught exception) at C:\xampp\htdocs\web\app\cache\prod\classes.php line 8295 [] []
[2012-06-08 19:29:14] event.DEBUG: Notified event "kernel.request" to listener "Symfony\Bundle\FrameworkBundle\EventListener\RouterListener::onEarlyKernelRequest". [] []
[2012-06-08 19:29:14] event.DEBUG: Notified event "kernel.request" to listener "Symfony\Bundle\FrameworkBundle\EventListener\SessionListener::onKernelRequest". [] []
[2012-06-08 19:29:14] event.DEBUG: Notified event "kernel.request" to listener "Symfony\Component\Security\Http\Firewall::onKernelRequest". [] []
[2012-06-08 19:29:14] event.DEBUG: Notified event "kernel.request" to listener "Symfony\Bundle\FrameworkBundle\EventListener\RouterListener::onKernelRequest". [] []
[2012-06-08 19:29:14] event.DEBUG: Notified event "kernel.controller" to listener "Sensio\Bundle\FrameworkExtraBundle\EventListener\ControllerListener::onKernelController". [] []
[2012-06-08 19:29:14] event.DEBUG: Notified event "kernel.controller" to listener "Sensio\Bundle\FrameworkExtraBundle\EventListener\ParamConverterListener::onKernelController". [] []
[2012-06-08 19:29:14] event.DEBUG: Notified event "kernel.controller" to listener "Sensio\Bundle\FrameworkExtraBundle\EventListener\TemplateListener::onKernelController". [] []
[2012-06-08 19:29:14] event.DEBUG: Notified event "kernel.controller" to listener "JMS\SecurityExtraBundle\Controller\ControllerListener::onCoreController". [] []
[2012-06-08 19:29:15] event.DEBUG: Notified event "kernel.response" to listener "Symfony\Component\HttpKernel\EventListener\ResponseListener::onKernelResponse". [] []
[2012-06-08 19:29:15] event.DEBUG: Notified event "kernel.response" to listener "Symfony\Bundle\SecurityBundle\EventListener\ResponseListener::onKernelResponse". [] []
[2012-06-08 19:29:15] event.DEBUG: Notified event "kernel.response" to listener "Sensio\Bundle\FrameworkExtraBundle\EventListener\CacheListener::onKernelResponse". [] []
[2012-06-08 19:29:15] event.DEBUG: Listener "Symfony\Component\HttpKernel\EventListener\ExceptionListener::onKernelException" stopped propagation of the event "kernel.exception". [] []
[2012-06-08 19:29:15] event.DEBUG: Notified event "kernel.response" to listener "Symfony\Component\HttpKernel\EventListener\ResponseListener::onKernelResponse". [] []
[2012-06-08 19:29:15] event.DEBUG: Notified event "kernel.response" to listener "Symfony\Bundle\SecurityBundle\EventListener\ResponseListener::onKernelResponse". [] []
[2012-06-08 19:29:15] event.DEBUG: Notified event "kernel.response" to listener "Sensio\Bundle\FrameworkExtraBundle\EventListener\CacheListener::onKernelResponse". [] []
[2012-06-08 19:29:59] event.DEBUG: Notified event "kernel.request" to listener "Symfony\Bundle\FrameworkBundle\EventListener\RouterListener::onEarlyKernelRequest". [] []
[2012-06-08 19:29:59] event.DEBUG: Notified event "kernel.request" to listener "Symfony\Bundle\FrameworkBundle\EventListener\SessionListener::onKernelRequest". [] []
[2012-06-08 19:29:59] event.DEBUG: Notified event "kernel.request" to listener "Symfony\Component\Security\Http\Firewall::onKernelRequest". [] []
[2012-06-08 19:29:59] event.DEBUG: Notified event "kernel.request" to listener "Symfony\Bundle\FrameworkBundle\EventListener\RouterListener::onKernelRequest". [] []
[2012-06-08 19:29:59] request.INFO: Matched route "_topic_name" (parameters: "id": "3", "_controller": "Site\Bundle\Controller\TopicsController::topicAction", "_route": "_topic_name") [] []
[2012-06-08 19:29:59] event.DEBUG: Notified event "kernel.controller" to listener "Sensio\Bundle\FrameworkExtraBundle\EventListener\ControllerListener::onKernelController". [] []
[2012-06-08 19:29:59] event.DEBUG: Notified event "kernel.controller" to listener "Sensio\Bundle\FrameworkExtraBundle\EventListener\ParamConverterListener::onKernelController". [] []
[2012-06-08 19:29:59] event.DEBUG: Notified event "kernel.controller" to listener "Sensio\Bundle\FrameworkExtraBundle\EventListener\TemplateListener::onKernelController". [] []
[2012-06-08 19:29:59] event.DEBUG: Notified event "kernel.controller" to listener "JMS\SecurityExtraBundle\Controller\ControllerListener::onCoreController". [] []
[2012-06-08 19:29:59] doctrine.DEBUG: SET NAMES UTF8 ([]) [] []
[2012-06-08 19:29:59] doctrine.DEBUG: SELECT t0.`topic_id` AS topic_id1, t0.`topic_subject` AS topic_subject2, t0.`topic_date` AS topic_date3, t0.`topic_cat` AS topic_cat4, t0.`topic_by` AS topic_by5 FROM topics t0 WHERE t0.`topic_id` = ? (["3"]) [] []
[2012-06-08 19:29:59] event.DEBUG: Notified event "kernel.view" to listener "Sensio\Bundle\FrameworkExtraBundle\EventListener\TemplateListener::onKernelView". [] []
[2012-06-08 19:29:59] doctrine.DEBUG: SELECT t0.`post_id` AS post_id1, t0.`post_content` AS post_content2, t0.`post_date` AS post_date3, t0.post_topic AS post_topic4, t0.post_by AS post_by5 FROM posts t0 WHERE t0.post_topic = ? ([3]) [] []
[2012-06-08 19:29:59] event.DEBUG: Notified event "kernel.exception" to listener "Symfony\Component\HttpKernel\EventListener\ExceptionListener::onKernelException". [] []
[2012-06-08 19:29:59] request.CRITICAL: Twig_Error_Runtime: An exception has been thrown during the rendering of a template ("Catchable Fatal Error: Object of class Proxies\SiteBundleEntityUserProxy could not be converted to string in C:\xampp\htdocs\web\app\cache\prod\twig\ac\ce\731d87f1ba3a740be602c19554ee.php line 55") in "CoreBundle::layout.html.twig" at line 29. (uncaught exception) at C:\xampp\htdocs\web\app\cache\prod\classes.php line 8295 [] []
[2012-06-08 19:29:59] event.DEBUG: Notified event "kernel.request" to listener "Symfony\Bundle\FrameworkBundle\EventListener\RouterListener::onEarlyKernelRequest". [] []
[2012-06-08 19:29:59] event.DEBUG: Notified event "kernel.request" to listener "Symfony\Bundle\FrameworkBundle\EventListener\SessionListener::onKernelRequest". [] []
[2012-06-08 19:29:59] event.DEBUG: Notified event "kernel.request" to listener "Symfony\Component\Security\Http\Firewall::onKernelRequest". [] []
[2012-06-08 19:29:59] event.DEBUG: Notified event "kernel.request" to listener "Symfony\Bundle\FrameworkBundle\EventListener\RouterListener::onKernelRequest". [] []
[2012-06-08 19:29:59] event.DEBUG: Notified event "kernel.controller" to listener "Sensio\Bundle\FrameworkExtraBundle\EventListener\ControllerListener::onKernelController". [] []
[2012-06-08 19:29:59] event.DEBUG: Notified event "kernel.controller" to listener "Sensio\Bundle\FrameworkExtraBundle\EventListener\ParamConverterListener::onKernelController". [] []
[2012-06-08 19:29:59] event.DEBUG: Notified event "kernel.controller" to listener "Sensio\Bundle\FrameworkExtraBundle\EventListener\TemplateListener::onKernelController". [] []
[2012-06-08 19:29:59] event.DEBUG: Notified event "kernel.controller" to listener "JMS\SecurityExtraBundle\Controller\ControllerListener::onCoreController". [] []
[2012-06-08 19:30:00] event.DEBUG: Notified event "kernel.response" to listener "Symfony\Component\HttpKernel\EventListener\ResponseListener::onKernelResponse". [] []
[2012-06-08 19:30:00] event.DEBUG: Notified event "kernel.response" to listener "Symfony\Bundle\SecurityBundle\EventListener\ResponseListener::onKernelResponse". [] []
[2012-06-08 19:30:00] event.DEBUG: Notified event "kernel.response" to listener "Sensio\Bundle\FrameworkExtraBundle\EventListener\CacheListener::onKernelResponse". [] []
[2012-06-08 19:30:00] event.DEBUG: Listener "Symfony\Component\HttpKernel\EventListener\ExceptionListener::onKernelException" stopped propagation of the event "kernel.exception". [] []
[2012-06-08 19:30:00] event.DEBUG: Notified event "kernel.response" to listener "Symfony\Component\HttpKernel\EventListener\ResponseListener::onKernelResponse". [] []
[2012-06-08 19:30:00] event.DEBUG: Notified event "kernel.response" to listener "Symfony\Bundle\SecurityBundle\EventListener\ResponseListener::onKernelResponse". [] []
[2012-06-08 19:30:00] event.DEBUG: Notified event "kernel.response" to listener "Sensio\Bundle\FrameworkExtraBundle\EventListener\CacheListener::onKernelResponse". [] []
[2012-06-08 19:37:29] event.DEBUG: Notified event "kernel.request" to listener "Symfony\Bundle\FrameworkBundle\EventListener\RouterListener::onEarlyKernelRequest". [] []
[2012-06-08 19:37:29] event.DEBUG: Notified event "kernel.request" to listener "Symfony\Bundle\FrameworkBundle\EventListener\SessionListener::onKernelRequest". [] []
[2012-06-08 19:37:29] event.DEBUG: Notified event "kernel.request" to listener "Symfony\Component\Security\Http\Firewall::onKernelRequest". [] []
[2012-06-08 19:37:29] event.DEBUG: Notified event "kernel.request" to listener "Symfony\Bundle\FrameworkBundle\EventListener\RouterListener::onKernelRequest". [] []
[2012-06-08 19:37:29] request.INFO: Matched route "_topic_name" (parameters: "id": "3", "_controller": "Site\Bundle\Controller\TopicsController::topicAction", "_route": "_topic_name") [] []
[2012-06-08 19:37:29] event.DEBUG: Notified event "kernel.controller" to listener "Sensio\Bundle\FrameworkExtraBundle\EventListener\ControllerListener::onKernelController". [] []
[2012-06-08 19:37:29] event.DEBUG: Notified event "kernel.controller" to listener "Sensio\Bundle\FrameworkExtraBundle\EventListener\ParamConverterListener::onKernelController". [] []
[2012-06-08 19:37:29] event.DEBUG: Notified event "kernel.controller" to listener "Sensio\Bundle\FrameworkExtraBundle\EventListener\TemplateListener::onKernelController". [] []
[2012-06-08 19:37:29] event.DEBUG: Notified event "kernel.controller" to listener "JMS\SecurityExtraBundle\Controller\ControllerListener::onCoreController". [] []
[2012-06-08 19:37:29] doctrine.DEBUG: SET NAMES UTF8 ([]) [] []
[2012-06-08 19:37:29] doctrine.DEBUG: SELECT t0.`topic_id` AS topic_id1, t0.`topic_subject` AS topic_subject2, t0.`topic_date` AS topic_date3, t0.`topic_cat` AS topic_cat4, t0.`topic_by` AS topic_by5 FROM topics t0 WHERE t0.`topic_id` = ? (["3"]) [] []
[2012-06-08 19:37:29] event.DEBUG: Notified event "kernel.view" to listener "Sensio\Bundle\FrameworkExtraBundle\EventListener\TemplateListener::onKernelView". [] []
[2012-06-08 19:37:29] doctrine.DEBUG: SELECT t0.`post_id` AS post_id1, t0.`post_content` AS post_content2, t0.`post_date` AS post_date3, t0.post_topic AS post_topic4, t0.post_by AS post_by5 FROM posts t0 WHERE t0.post_topic = ? ([3]) [] []
[2012-06-08 19:37:29] doctrine.DEBUG: SELECT t0.`user_id` AS user_id1, t0.`user_name` AS user_name2, t0.`user_pass` AS user_pass3, t0.`user_email` AS user_email4, t0.`user_date` AS user_date5, t0.`user_level` AS user_level6 FROM users t0 WHERE t0.`user_id` = ? (["1"]) [] []
[2012-06-08 19:37:29] event.DEBUG: Notified event "kernel.exception" to listener "Symfony\Component\HttpKernel\EventListener\ExceptionListener::onKernelException". [] []
[2012-06-08 19:37:29] request.CRITICAL: Twig_Error_Runtime: Method "posted" for object "Site\Bundle\Entity\Post" does not exist in "CoreBundle:Topics:topic.html.twig" at line 12 (uncaught exception) at C:\xampp\htdocs\web\app\cache\prod\classes.php line 8419 [] []
[2012-06-08 19:37:29] event.DEBUG: Notified event "kernel.request" to listener "Symfony\Bundle\FrameworkBundle\EventListener\RouterListener::onEarlyKernelRequest". [] []
[2012-06-08 19:37:29] event.DEBUG: Notified event "kernel.request" to listener "Symfony\Bundle\FrameworkBundle\EventListener\SessionListener::onKernelRequest". [] []
[2012-06-08 19:37:29] event.DEBUG: Notified event "kernel.request" to listener "Symfony\Component\Security\Http\Firewall::onKernelRequest". [] []
[2012-06-08 19:37:29] event.DEBUG: Notified event "kernel.request" to listener "Symfony\Bundle\FrameworkBundle\EventListener\RouterListener::onKernelRequest". [] []
[2012-06-08 19:37:29] event.DEBUG: Notified event "kernel.controller" to listener "Sensio\Bundle\FrameworkExtraBundle\EventListener\ControllerListener::onKernelController". [] []
[2012-06-08 19:37:29] event.DEBUG: Notified event "kernel.controller" to listener "Sensio\Bundle\FrameworkExtraBundle\EventListener\ParamConverterListener::onKernelController". [] []
[2012-06-08 19:37:29] event.DEBUG: Notified event "kernel.controller" to listener "Sensio\Bundle\FrameworkExtraBundle\EventListener\TemplateListener::onKernelController". [] []
[2012-06-08 19:37:29] event.DEBUG: Notified event "kernel.controller" to listener "JMS\SecurityExtraBundle\Controller\ControllerListener::onCoreController". [] []
[2012-06-08 19:37:30] event.DEBUG: Notified event "kernel.response" to listener "Symfony\Component\HttpKernel\EventListener\ResponseListener::onKernelResponse". [] []
[2012-06-08 19:37:30] event.DEBUG: Notified event "kernel.response" to listener "Symfony\Bundle\SecurityBundle\EventListener\ResponseListener::onKernelResponse". [] []
[2012-06-08 19:37:30] event.DEBUG: Notified event "kernel.response" to listener "Sensio\Bundle\FrameworkExtraBundle\EventListener\CacheListener::onKernelResponse". [] []
[2012-06-08 19:37:30] event.DEBUG: Listener "Symfony\Component\HttpKernel\EventListener\ExceptionListener::onKernelException" stopped propagation of the event "kernel.exception". [] []
[2012-06-08 19:37:30] event.DEBUG: Notified event "kernel.response" to listener "Symfony\Component\HttpKernel\EventListener\ResponseListener::onKernelResponse". [] []
[2012-06-08 19:37:30] event.DEBUG: Notified event "kernel.response" to listener "Symfony\Bundle\SecurityBundle\EventListener\ResponseListener::onKernelResponse". [] []
[2012-06-08 19:37:30] event.DEBUG: Notified event "kernel.response" to listener "Sensio\Bundle\FrameworkExtraBundle\EventListener\CacheListener::onKernelResponse". [] []
